<?xml version="1.0" encoding="UTF-8"?>
<testng-results ignored="4" total="8" passed="2" failed="2" skipped="0">
  <reporter-output>
  </reporter-output>
  <suite started-at="2021-12-11T22:38:04 IST" name="Suite" finished-at="2021-12-11T22:41:59 IST" duration-ms="235035">
    <groups>
    </groups>
    <test started-at="2021-12-11T22:38:04 IST" name="firefoxTest" finished-at="2021-12-11T22:41:55 IST" duration-ms="230689">
      <class name="com.crm.SDET25.opportunities.pom.AdvanceSearchNoneTest">
        <test-method is-config="true" signature="bcConfig()[pri:0, instance:com.crm.SDET25.opportunities.pom.AdvanceSearchNoneTest@b9b00e0]" started-at="2021-12-11T22:40:39 IST" name="bcConfig" finished-at="2021-12-11T22:40:51 IST" duration-ms="11847" status="PASS">
          <reporter-output>
          </reporter-output>
        </test-method> <!-- bcConfig -->
        <test-method is-config="true" signature="bmConfig()[pri:0, instance:com.crm.SDET25.opportunities.pom.AdvanceSearchNoneTest@b9b00e0]" started-at="2021-12-11T22:40:51 IST" name="bmConfig" finished-at="2021-12-11T22:40:58 IST" duration-ms="6665" status="PASS">
          <reporter-output>
          </reporter-output>
        </test-method> <!-- bmConfig -->
        <test-method signature="searchWithDropdownRelatedToandSecondDropdownNoneTest()[pri:0, instance:com.crm.SDET25.opportunities.pom.AdvanceSearchNoneTest@b9b00e0]" started-at="2021-12-11T22:40:58 IST" name="searchWithDropdownRelatedToandSecondDropdownNoneTest" finished-at="2021-12-11T22:41:50 IST" duration-ms="52240" status="PASS">
          <reporter-output>
          </reporter-output>
        </test-method> <!-- searchWithDropdownRelatedToandSecondDropdownNoneTest -->
        <test-method is-config="true" signature="amConfig()[pri:0, instance:com.crm.SDET25.opportunities.pom.AdvanceSearchNoneTest@b9b00e0]" started-at="2021-12-11T22:41:50 IST" name="amConfig" finished-at="2021-12-11T22:41:51 IST" duration-ms="687" status="PASS">
          <reporter-output>
          </reporter-output>
        </test-method> <!-- amConfig -->
        <test-method is-config="true" signature="acConfig()[pri:0, instance:com.crm.SDET25.opportunities.pom.AdvanceSearchNoneTest@b9b00e0]" started-at="2021-12-11T22:41:51 IST" name="acConfig" finished-at="2021-12-11T22:41:55 IST" duration-ms="4229" status="PASS">
          <reporter-output>
          </reporter-output>
        </test-method> <!-- acConfig -->
      </class> <!-- com.crm.SDET25.opportunities.pom.AdvanceSearchNoneTest -->
      <class name="com.crm.SDET25.opportunities.pom.AdvanceSearchEndsWithTest">
        <test-method is-config="true" signature="bsConfig()[pri:0, instance:com.crm.SDET25.opportunities.pom.AdvanceSearchEndsWithTest@13fd2ccd]" started-at="2021-12-11T22:38:04 IST" name="bsConfig" finished-at="2021-12-11T22:38:04 IST" duration-ms="13" status="PASS">
          <reporter-output>
          </reporter-output>
        </test-method> <!-- bsConfig -->
        <test-method is-config="true" signature="bcConfig()[pri:0, instance:com.crm.SDET25.opportunities.pom.AdvanceSearchEndsWithTest@13fd2ccd]" started-at="2021-12-11T22:38:04 IST" name="bcConfig" finished-at="2021-12-11T22:38:47 IST" duration-ms="42874" status="PASS">
          <reporter-output>
          </reporter-output>
        </test-method> <!-- bcConfig -->
        <test-method is-config="true" signature="bmConfig()[pri:0, instance:com.crm.SDET25.opportunities.pom.AdvanceSearchEndsWithTest@13fd2ccd]" started-at="2021-12-11T22:38:47 IST" name="bmConfig" finished-at="2021-12-11T22:39:04 IST" duration-ms="16628" status="PASS">
          <reporter-output>
          </reporter-output>
        </test-method> <!-- bmConfig -->
        <test-method signature="searchWithDropdownRelatedToandSecondDropdownEndsWithTest()[pri:0, instance:com.crm.SDET25.opportunities.pom.AdvanceSearchEndsWithTest@13fd2ccd]" started-at="2021-12-11T22:39:04 IST" name="searchWithDropdownRelatedToandSecondDropdownEndsWithTest" finished-at="2021-12-11T22:40:32 IST" duration-ms="88433" status="FAIL">
          <exception class="org.openqa.selenium.NoSuchElementException">
            <message>
              <![CDATA[Unable to locate element: //font[text()='Filters :']/following::a[text()=' Last5567']
For documentation on this error, please visit: https://www.seleniumhq.org/exceptions/no_such_element.html
Build info: version: '3.141.59', revision: 'e82be7d358', time: '2018-11-14T08:17:03'
System info: host: 'LAPTOP-8NCIJN2T', ip: '192.168.180.1', os.name: 'Windows 10', os.arch: 'amd64', os.version: '10.0', java.version: '16.0.2'
Driver info: org.openqa.selenium.firefox.FirefoxDriver
Capabilities {acceptInsecureCerts: true, browserName: firefox, browserVersion: 95.0, javascriptEnabled: true, moz:accessibilityChecks: false, moz:buildID: 20211129150630, moz:geckodriverVersion: 0.30.0, moz:headless: false, moz:processID: 6824, moz:profile: C:\Users\lenovo\AppData\Loc..., moz:shutdownTimeout: 60000, moz:useNonSpecCompliantPointerOrigin: false, moz:webdriverClick: true, pageLoadStrategy: normal, platform: WINDOWS, platformName: WINDOWS, platformVersion: 10.0, proxy: Proxy(), setWindowRect: true, strictFileInteractability: false, timeouts: {implicit: 0, pageLoad: 300000, script: 30000}, unhandledPromptBehavior: dismiss and notify}
Session ID: 6b08b538-4186-46b8-974a-7169b89be963
*** Element info: {Using=xpath, value=//font[text()='Filters :']/following::a[text()=' Last5567']}]]>
            </message>
            <full-stacktrace>
              <![CDATA[org.openqa.selenium.NoSuchElementException: Unable to locate element: //font[text()='Filters :']/following::a[text()=' Last5567']
For documentation on this error, please visit: https://www.seleniumhq.org/exceptions/no_such_element.html
Build info: version: '3.141.59', revision: 'e82be7d358', time: '2018-11-14T08:17:03'
System info: host: 'LAPTOP-8NCIJN2T', ip: '192.168.180.1', os.name: 'Windows 10', os.arch: 'amd64', os.version: '10.0', java.version: '16.0.2'
Driver info: org.openqa.selenium.firefox.FirefoxDriver
Capabilities {acceptInsecureCerts: true, browserName: firefox, browserVersion: 95.0, javascriptEnabled: true, moz:accessibilityChecks: false, moz:buildID: 20211129150630, moz:geckodriverVersion: 0.30.0, moz:headless: false, moz:processID: 6824, moz:profile: C:\Users\lenovo\AppData\Loc..., moz:shutdownTimeout: 60000, moz:useNonSpecCompliantPointerOrigin: false, moz:webdriverClick: true, pageLoadStrategy: normal, platform: WINDOWS, platformName: WINDOWS, platformVersion: 10.0, proxy: Proxy(), setWindowRect: true, strictFileInteractability: false, timeouts: {implicit: 0, pageLoad: 300000, script: 30000}, unhandledPromptBehavior: dismiss and notify}
Session ID: 6b08b538-4186-46b8-974a-7169b89be963
*** Element info: {Using=xpath, value=//font[text()='Filters :']/following::a[text()=' Last5567']}
at java.base/jdk.internal.reflect.NativeConstructorAccessorImpl.newInstance0(Native Method)
at java.base/jdk.internal.reflect.NativeConstructorAccessorImpl.newInstance(NativeConstructorAccessorImpl.java:78)
at java.base/jdk.internal.reflect.DelegatingConstructorAccessorImpl.newInstance(DelegatingConstructorAccessorImpl.java:45)
at java.base/java.lang.reflect.Constructor.newInstanceWithCaller(Constructor.java:499)
at java.base/java.lang.reflect.Constructor.newInstance(Constructor.java:480)
at org.openqa.selenium.remote.http.W3CHttpResponseCodec.createException(W3CHttpResponseCodec.java:187)
at org.openqa.selenium.remote.http.W3CHttpResponseCodec.decode(W3CHttpResponseCodec.java:122)
at org.openqa.selenium.remote.http.W3CHttpResponseCodec.decode(W3CHttpResponseCodec.java:49)
at org.openqa.selenium.remote.HttpCommandExecutor.execute(HttpCommandExecutor.java:158)
at org.openqa.selenium.remote.service.DriverCommandExecutor.execute(DriverCommandExecutor.java:83)
at org.openqa.selenium.remote.RemoteWebDriver.execute(RemoteWebDriver.java:552)
at org.openqa.selenium.remote.RemoteWebDriver.findElement(RemoteWebDriver.java:323)
at org.openqa.selenium.remote.RemoteWebDriver.findElementByXPath(RemoteWebDriver.java:428)
at org.openqa.selenium.By$ByXPath.findElement(By.java:353)
at org.openqa.selenium.remote.RemoteWebDriver.findElement(RemoteWebDriver.java:315)
at com.crm.SDET25.pomrepositorylibrary.Search.fillTheDataOfActual(Search.java:65)
at com.crm.SDET25.opportunities.pom.AdvanceSearchEndsWithTest.searchWithDropdownRelatedToandSecondDropdownEndsWithTest(AdvanceSearchEndsWithTest.java:94)
at java.base/jdk.internal.reflect.NativeMethodAccessorImpl.invoke0(Native Method)
at java.base/jdk.internal.reflect.NativeMethodAccessorImpl.invoke(NativeMethodAccessorImpl.java:78)
at java.base/jdk.internal.reflect.DelegatingMethodAccessorImpl.invoke(DelegatingMethodAccessorImpl.java:43)
at java.base/java.lang.reflect.Method.invoke(Method.java:567)
at org.testng.internal.MethodInvocationHelper.invokeMethod(MethodInvocationHelper.java:133)
at org.testng.internal.TestInvoker.invokeMethod(TestInvoker.java:598)
at org.testng.internal.TestInvoker.invokeTestMethod(TestInvoker.java:173)
at org.testng.internal.MethodRunner.runInSequence(MethodRunner.java:46)
at org.testng.internal.TestInvoker$MethodInvocationAgent.invoke(TestInvoker.java:824)
at org.testng.internal.TestInvoker.invokeTestMethods(TestInvoker.java:146)
at org.testng.internal.TestMethodWorker.invokeTestMethods(TestMethodWorker.java:146)
at org.testng.internal.TestMethodWorker.run(TestMethodWorker.java:128)
at java.base/java.util.ArrayList.forEach(ArrayList.java:1511)
at org.testng.TestRunner.privateRun(TestRunner.java:794)
at org.testng.TestRunner.run(TestRunner.java:596)
at org.testng.SuiteRunner.runTest(SuiteRunner.java:377)
at org.testng.SuiteRunner.access$000(SuiteRunner.java:28)
at org.testng.SuiteRunner$SuiteWorker.run(SuiteRunner.java:418)
at org.testng.internal.thread.ThreadUtil.lambda$execute$0(ThreadUtil.java:64)
at java.base/java.util.concurrent.FutureTask.run(FutureTask.java:264)
at java.base/java.util.concurrent.ThreadPoolExecutor.runWorker(ThreadPoolExecutor.java:1130)
at java.base/java.util.concurrent.ThreadPoolExecutor$Worker.run(ThreadPoolExecutor.java:630)
at java.base/java.lang.Thread.run(Thread.java:831)
]]>
            </full-stacktrace>
          </exception> <!-- org.openqa.selenium.NoSuchElementException -->
          <reporter-output>
          </reporter-output>
        </test-method> <!-- searchWithDropdownRelatedToandSecondDropdownEndsWithTest -->
        <test-method is-config="true" signature="amConfig()[pri:0, instance:com.crm.SDET25.opportunities.pom.AdvanceSearchEndsWithTest@13fd2ccd]" started-at="2021-12-11T22:40:33 IST" name="amConfig" finished-at="2021-12-11T22:40:36 IST" duration-ms="2931" status="PASS">
          <reporter-output>
          </reporter-output>
        </test-method> <!-- amConfig -->
        <test-method is-config="true" signature="acConfig()[pri:0, instance:com.crm.SDET25.opportunities.pom.AdvanceSearchEndsWithTest@13fd2ccd]" started-at="2021-12-11T22:40:36 IST" name="acConfig" finished-at="2021-12-11T22:40:39 IST" duration-ms="3388" status="PASS">
          <reporter-output>
          </reporter-output>
        </test-method> <!-- acConfig -->
        <test-method is-config="true" signature="asConfig()[pri:0, instance:com.crm.SDET25.opportunities.pom.AdvanceSearchEndsWithTest@13fd2ccd]" started-at="2021-12-11T22:41:59 IST" name="asConfig" finished-at="2021-12-11T22:41:59 IST" duration-ms="1" status="PASS">
          <reporter-output>
          </reporter-output>
        </test-method> <!-- asConfig -->
      </class> <!-- com.crm.SDET25.opportunities.pom.AdvanceSearchEndsWithTest -->
    </test> <!-- firefoxTest -->
    <test started-at="2021-12-11T22:38:04 IST" name="chromeTest" finished-at="2021-12-11T22:41:59 IST" duration-ms="235035">
      <class name="com.crm.SDET25.opportunities.pom.AdvanceSearchContainsTest">
        <test-method is-config="true" signature="bcConfig()[pri:0, instance:com.crm.SDET25.opportunities.pom.AdvanceSearchContainsTest@43dac38f]" started-at="2021-12-11T22:40:42 IST" name="bcConfig" finished-at="2021-12-11T22:40:54 IST" duration-ms="11640" status="PASS">
          <reporter-output>
          </reporter-output>
        </test-method> <!-- bcConfig -->
        <test-method is-config="true" signature="bmConfig()[pri:0, instance:com.crm.SDET25.opportunities.pom.AdvanceSearchContainsTest@43dac38f]" started-at="2021-12-11T22:40:54 IST" name="bmConfig" finished-at="2021-12-11T22:41:02 IST" duration-ms="8007" status="PASS">
          <reporter-output>
          </reporter-output>
        </test-method> <!-- bmConfig -->
        <test-method signature="searchWithDropdownRelatedToandSecondDropdownContainsTest()[pri:0, instance:com.crm.SDET25.opportunities.pom.AdvanceSearchContainsTest@43dac38f]" started-at="2021-12-11T22:41:02 IST" name="searchWithDropdownRelatedToandSecondDropdownContainsTest" finished-at="2021-12-11T22:41:54 IST" duration-ms="52352" status="PASS">
          <reporter-output>
          </reporter-output>
        </test-method> <!-- searchWithDropdownRelatedToandSecondDropdownContainsTest -->
        <test-method is-config="true" signature="amConfig()[pri:0, instance:com.crm.SDET25.opportunities.pom.AdvanceSearchContainsTest@43dac38f]" started-at="2021-12-11T22:41:54 IST" name="amConfig" finished-at="2021-12-11T22:41:57 IST" duration-ms="2179" status="PASS">
          <reporter-output>
          </reporter-output>
        </test-method> <!-- amConfig -->
        <test-method is-config="true" signature="acConfig()[pri:0, instance:com.crm.SDET25.opportunities.pom.AdvanceSearchContainsTest@43dac38f]" started-at="2021-12-11T22:41:57 IST" name="acConfig" finished-at="2021-12-11T22:41:59 IST" duration-ms="2747" status="PASS">
          <reporter-output>
          </reporter-output>
        </test-method> <!-- acConfig -->
      </class> <!-- com.crm.SDET25.opportunities.pom.AdvanceSearchContainsTest -->
      <class name="com.crm.SDET25.opportunities.pom.AdvanceSearchDoesNotContainsTest">
        <test-method is-config="true" signature="bcConfig()[pri:0, instance:com.crm.SDET25.opportunities.pom.AdvanceSearchDoesNotContainsTest@6fd83fc1]" started-at="2021-12-11T22:38:04 IST" name="bcConfig" finished-at="2021-12-11T22:38:47 IST" duration-ms="42874" status="PASS">
          <reporter-output>
          </reporter-output>
        </test-method> <!-- bcConfig -->
        <test-method is-config="true" signature="bmConfig()[pri:0, instance:com.crm.SDET25.opportunities.pom.AdvanceSearchDoesNotContainsTest@6fd83fc1]" started-at="2021-12-11T22:38:47 IST" name="bmConfig" finished-at="2021-12-11T22:39:04 IST" duration-ms="16607" status="PASS">
          <reporter-output>
          </reporter-output>
        </test-method> <!-- bmConfig -->
        <test-method signature="searchWithDropdownRelatedToandSecondDropdownDoesNotContainsTest()[pri:0, instance:com.crm.SDET25.opportunities.pom.AdvanceSearchDoesNotContainsTest@6fd83fc1]" started-at="2021-12-11T22:39:04 IST" name="searchWithDropdownRelatedToandSecondDropdownDoesNotContainsTest" finished-at="2021-12-11T22:40:33 IST" duration-ms="89545" status="FAIL">
          <exception class="org.openqa.selenium.NoSuchElementException">
            <message>
              <![CDATA[Unable to locate element: //font[text()='Filters :']/following::a[text()=' Last6220']
For documentation on this error, please visit: https://www.seleniumhq.org/exceptions/no_such_element.html
Build info: version: '3.141.59', revision: 'e82be7d358', time: '2018-11-14T08:17:03'
System info: host: 'LAPTOP-8NCIJN2T', ip: '192.168.180.1', os.name: 'Windows 10', os.arch: 'amd64', os.version: '10.0', java.version: '16.0.2'
Driver info: org.openqa.selenium.firefox.FirefoxDriver
Capabilities {acceptInsecureCerts: true, browserName: firefox, browserVersion: 95.0, javascriptEnabled: true, moz:accessibilityChecks: false, moz:buildID: 20211129150630, moz:geckodriverVersion: 0.30.0, moz:headless: false, moz:processID: 7600, moz:profile: C:\Users\lenovo\AppData\Loc..., moz:shutdownTimeout: 60000, moz:useNonSpecCompliantPointerOrigin: false, moz:webdriverClick: true, pageLoadStrategy: normal, platform: WINDOWS, platformName: WINDOWS, platformVersion: 10.0, proxy: Proxy(), setWindowRect: true, strictFileInteractability: false, timeouts: {implicit: 0, pageLoad: 300000, script: 30000}, unhandledPromptBehavior: dismiss and notify}
Session ID: 2241b7c2-a427-4497-bdcf-c1045c9b1508
*** Element info: {Using=xpath, value=//font[text()='Filters :']/following::a[text()=' Last6220']}]]>
            </message>
            <full-stacktrace>
              <![CDATA[org.openqa.selenium.NoSuchElementException: Unable to locate element: //font[text()='Filters :']/following::a[text()=' Last6220']
For documentation on this error, please visit: https://www.seleniumhq.org/exceptions/no_such_element.html
Build info: version: '3.141.59', revision: 'e82be7d358', time: '2018-11-14T08:17:03'
System info: host: 'LAPTOP-8NCIJN2T', ip: '192.168.180.1', os.name: 'Windows 10', os.arch: 'amd64', os.version: '10.0', java.version: '16.0.2'
Driver info: org.openqa.selenium.firefox.FirefoxDriver
Capabilities {acceptInsecureCerts: true, browserName: firefox, browserVersion: 95.0, javascriptEnabled: true, moz:accessibilityChecks: false, moz:buildID: 20211129150630, moz:geckodriverVersion: 0.30.0, moz:headless: false, moz:processID: 7600, moz:profile: C:\Users\lenovo\AppData\Loc..., moz:shutdownTimeout: 60000, moz:useNonSpecCompliantPointerOrigin: false, moz:webdriverClick: true, pageLoadStrategy: normal, platform: WINDOWS, platformName: WINDOWS, platformVersion: 10.0, proxy: Proxy(), setWindowRect: true, strictFileInteractability: false, timeouts: {implicit: 0, pageLoad: 300000, script: 30000}, unhandledPromptBehavior: dismiss and notify}
Session ID: 2241b7c2-a427-4497-bdcf-c1045c9b1508
*** Element info: {Using=xpath, value=//font[text()='Filters :']/following::a[text()=' Last6220']}
at java.base/jdk.internal.reflect.NativeConstructorAccessorImpl.newInstance0(Native Method)
at java.base/jdk.internal.reflect.NativeConstructorAccessorImpl.newInstance(NativeConstructorAccessorImpl.java:78)
at java.base/jdk.internal.reflect.DelegatingConstructorAccessorImpl.newInstance(DelegatingConstructorAccessorImpl.java:45)
at java.base/java.lang.reflect.Constructor.newInstanceWithCaller(Constructor.java:499)
at java.base/java.lang.reflect.Constructor.newInstance(Constructor.java:480)
at org.openqa.selenium.remote.http.W3CHttpResponseCodec.createException(W3CHttpResponseCodec.java:187)
at org.openqa.selenium.remote.http.W3CHttpResponseCodec.decode(W3CHttpResponseCodec.java:122)
at org.openqa.selenium.remote.http.W3CHttpResponseCodec.decode(W3CHttpResponseCodec.java:49)
at org.openqa.selenium.remote.HttpCommandExecutor.execute(HttpCommandExecutor.java:158)
at org.openqa.selenium.remote.service.DriverCommandExecutor.execute(DriverCommandExecutor.java:83)
at org.openqa.selenium.remote.RemoteWebDriver.execute(RemoteWebDriver.java:552)
at org.openqa.selenium.remote.RemoteWebDriver.findElement(RemoteWebDriver.java:323)
at org.openqa.selenium.remote.RemoteWebDriver.findElementByXPath(RemoteWebDriver.java:428)
at org.openqa.selenium.By$ByXPath.findElement(By.java:353)
at org.openqa.selenium.remote.RemoteWebDriver.findElement(RemoteWebDriver.java:315)
at com.crm.SDET25.pomrepositorylibrary.Search.fillTheDataOfActual(Search.java:65)
at com.crm.SDET25.opportunities.pom.AdvanceSearchDoesNotContainsTest.searchWithDropdownRelatedToandSecondDropdownDoesNotContainsTest(AdvanceSearchDoesNotContainsTest.java:94)
at java.base/jdk.internal.reflect.NativeMethodAccessorImpl.invoke0(Native Method)
at java.base/jdk.internal.reflect.NativeMethodAccessorImpl.invoke(NativeMethodAccessorImpl.java:78)
at java.base/jdk.internal.reflect.DelegatingMethodAccessorImpl.invoke(DelegatingMethodAccessorImpl.java:43)
at java.base/java.lang.reflect.Method.invoke(Method.java:567)
at org.testng.internal.MethodInvocationHelper.invokeMethod(MethodInvocationHelper.java:133)
at org.testng.internal.TestInvoker.invokeMethod(TestInvoker.java:598)
at org.testng.internal.TestInvoker.invokeTestMethod(TestInvoker.java:173)
at org.testng.internal.MethodRunner.runInSequence(MethodRunner.java:46)
at org.testng.internal.TestInvoker$MethodInvocationAgent.invoke(TestInvoker.java:824)
at org.testng.internal.TestInvoker.invokeTestMethods(TestInvoker.java:146)
at org.testng.internal.TestMethodWorker.invokeTestMethods(TestMethodWorker.java:146)
at org.testng.internal.TestMethodWorker.run(TestMethodWorker.java:128)
at java.base/java.util.ArrayList.forEach(ArrayList.java:1511)
at org.testng.TestRunner.privateRun(TestRunner.java:794)
at org.testng.TestRunner.run(TestRunner.java:596)
at org.testng.SuiteRunner.runTest(SuiteRunner.java:377)
at org.testng.SuiteRunner.access$000(SuiteRunner.java:28)
at org.testng.SuiteRunner$SuiteWorker.run(SuiteRunner.java:418)
at org.testng.internal.thread.ThreadUtil.lambda$execute$0(ThreadUtil.java:64)
at java.base/java.util.concurrent.FutureTask.run(FutureTask.java:264)
at java.base/java.util.concurrent.ThreadPoolExecutor.runWorker(ThreadPoolExecutor.java:1130)
at java.base/java.util.concurrent.ThreadPoolExecutor$Worker.run(ThreadPoolExecutor.java:630)
at java.base/java.lang.Thread.run(Thread.java:831)
]]>
            </full-stacktrace>
          </exception> <!-- org.openqa.selenium.NoSuchElementException -->
          <reporter-output>
          </reporter-output>
        </test-method> <!-- searchWithDropdownRelatedToandSecondDropdownDoesNotContainsTest -->
        <test-method is-config="true" signature="amConfig()[pri:0, instance:com.crm.SDET25.opportunities.pom.AdvanceSearchDoesNotContainsTest@6fd83fc1]" started-at="2021-12-11T22:40:36 IST" name="amConfig" finished-at="2021-12-11T22:40:39 IST" duration-ms="2911" status="PASS">
          <reporter-output>
          </reporter-output>
        </test-method> <!-- amConfig -->
        <test-method is-config="true" signature="acConfig()[pri:0, instance:com.crm.SDET25.opportunities.pom.AdvanceSearchDoesNotContainsTest@6fd83fc1]" started-at="2021-12-11T22:40:39 IST" name="acConfig" finished-at="2021-12-11T22:40:42 IST" duration-ms="3344" status="PASS">
          <reporter-output>
          </reporter-output>
        </test-method> <!-- acConfig -->
      </class> <!-- com.crm.SDET25.opportunities.pom.AdvanceSearchDoesNotContainsTest -->
    </test> <!-- chromeTest -->
  </suite> <!-- Suite -->
</testng-results>
