<?xml version="1.0" encoding="UTF-8"?>
<!-- Generated by org.testng.reporters.JUnitXMLReporter -->
<testsuite ignored="3" hostname="LAPTOP-8NCIJN2T" failures="3" tests="3" name="Test" time="0.24" errors="0" timestamp="2021-12-05T13:36:05 IST">
  <testcase classname="com.crm.SDET25.opportunities.AdvanceSearchGroupExecution" name="searchWithDropdownRelatedToandSecondDropdownEndsWithTest" time="0.091">
    <failure type="java.lang.NullPointerException" message="Cannot invoke &amp;quot;org.openqa.selenium.SearchContext.findElement(org.openqa.selenium.By)&amp;quot; because &amp;quot;this.searchContext&amp;quot; is null">
      <![CDATA[java.lang.NullPointerException: Cannot invoke "org.openqa.selenium.SearchContext.findElement(org.openqa.selenium.By)" because "this.searchContext" is null
at org.openqa.selenium.support.pagefactory.DefaultElementLocator.findElement(DefaultElementLocator.java:69)
at org.openqa.selenium.support.pagefactory.internal.LocatingElementHandler.invoke(LocatingElementHandler.java:38)
at jdk.proxy2/jdk.proxy2.$Proxy16.click(Unknown Source)
at com.crm.SDET25.opportunities.AdvanceSearchGroupExecution.searchWithDropdownRelatedToandSecondDropdownEndsWithTest(AdvanceSearchGroupExecution.java:244)
at java.base/java.util.ArrayList.forEach(ArrayList.java:1511)
... Removed 27 stack frames]]>
    </failure>
  </testcase> <!-- searchWithDropdownRelatedToandSecondDropdownEndsWithTest -->
  <testcase classname="com.crm.SDET25.opportunities.AdvanceSearchGroupExecution" name="searchWithDropdownRelatedToandSecondDropdownNotEqualToTest" time="0.007">
    <failure type="java.lang.NullPointerException" message="Cannot invoke &amp;quot;org.openqa.selenium.SearchContext.findElement(org.openqa.selenium.By)&amp;quot; because &amp;quot;this.searchContext&amp;quot; is null">
      <![CDATA[java.lang.NullPointerException: Cannot invoke "org.openqa.selenium.SearchContext.findElement(org.openqa.selenium.By)" because "this.searchContext" is null
at org.openqa.selenium.support.pagefactory.DefaultElementLocator.findElement(DefaultElementLocator.java:69)
at org.openqa.selenium.support.pagefactory.internal.LocatingElementHandler.invoke(LocatingElementHandler.java:38)
at jdk.proxy2/jdk.proxy2.$Proxy16.click(Unknown Source)
at com.crm.SDET25.opportunities.AdvanceSearchGroupExecution.searchWithDropdownRelatedToandSecondDropdownNotEqualToTest(AdvanceSearchGroupExecution.java:318)
at java.base/java.util.ArrayList.forEach(ArrayList.java:1511)
... Removed 27 stack frames]]>
    </failure>
  </testcase> <!-- searchWithDropdownRelatedToandSecondDropdownNotEqualToTest -->
  <testcase classname="com.crm.SDET25.opportunities.AdvanceSearchGroupExecution" name="searchWithDropdownRelatedToandSecondDropdownStartsWith" time="0.006">
    <failure type="java.lang.NullPointerException" message="Cannot invoke &amp;quot;org.openqa.selenium.SearchContext.findElement(org.openqa.selenium.By)&amp;quot; because &amp;quot;this.searchContext&amp;quot; is null">
      <![CDATA[java.lang.NullPointerException: Cannot invoke "org.openqa.selenium.SearchContext.findElement(org.openqa.selenium.By)" because "this.searchContext" is null
at org.openqa.selenium.support.pagefactory.DefaultElementLocator.findElement(DefaultElementLocator.java:69)
at org.openqa.selenium.support.pagefactory.internal.LocatingElementHandler.invoke(LocatingElementHandler.java:38)
at jdk.proxy2/jdk.proxy2.$Proxy16.click(Unknown Source)
at com.crm.SDET25.opportunities.AdvanceSearchGroupExecution.searchWithDropdownRelatedToandSecondDropdownStartsWith(AdvanceSearchGroupExecution.java:392)
at java.base/java.util.ArrayList.forEach(ArrayList.java:1511)
... Removed 27 stack frames]]>
    </failure>
  </testcase> <!-- searchWithDropdownRelatedToandSecondDropdownStartsWith -->
  <testcase classname="com.crm.SDET25.opportunities.AdvanceSearchGroupExecution" name="searchWithDropdownRelatedToandSecondDropdownDoesNotContainsTest" time="0.0">
    <ignored/>
  </testcase> <!-- searchWithDropdownRelatedToandSecondDropdownDoesNotContainsTest -->
  <testcase classname="com.crm.SDET25.opportunities.AdvanceSearchGroupExecution" name="searchWithDropdownRelatedToandSecondDropdownNoneTest" time="0.0">
    <ignored/>
  </testcase> <!-- searchWithDropdownRelatedToandSecondDropdownNoneTest -->
  <testcase classname="com.crm.SDET25.opportunities.AdvanceSearchGroupExecution" name="searchWithDropdownRelatedToandSecondDropdownContainsTest" time="0.0">
    <ignored/>
  </testcase> <!-- searchWithDropdownRelatedToandSecondDropdownContainsTest -->
</testsuite> <!-- Test -->
